SF:lib\models\bank_account.dart
DA:4,1
DA:24,1
DA:25,1
DA:26,1
DA:27,1
DA:28,1
DA:29,1
DA:30,1
DA:31,1
DA:32,1
DA:33,1
DA:34,3
DA:38,1
DA:39,1
DA:40,1
DA:41,1
DA:42,1
DA:43,1
DA:44,1
DA:45,1
DA:46,2
LF:21
LH:21
end_of_record
SF:lib\models\wallet_user.dart
DA:4,3
DA:32,2
DA:33,2
DA:34,2
DA:35,3
DA:36,2
DA:37,2
DA:38,4
DA:39,2
DA:40,2
DA:41,2
DA:42,2
DA:43,2
DA:44,2
DA:45,3
DA:46,2
DA:50,1
DA:51,1
DA:52,1
DA:53,1
DA:54,1
DA:55,1
DA:56,1
DA:57,1
DA:58,1
DA:59,1
DA:60,1
DA:61,1
DA:62,1
DA:63,1
LF:30
LH:30
end_of_record
SF:lib\models\wallet_transaction.dart
DA:4,2
DA:26,3
DA:28,7
DA:30,5
DA:32,3
DA:34,1
DA:35,1
DA:36,1
DA:38,1
DA:40,1
DA:42,1
DA:45,6
DA:47,3
DA:49,3
DA:57,1
DA:60,1
DA:61,1
DA:65,2
DA:67,1
DA:70,0
DA:73,1
DA:74,1
DA:75,2
DA:77,1
DA:78,1
DA:79,1
DA:81,1
DA:82,1
LF:28
LH:27
end_of_record
SF:lib\models\payment_transaction.dart
DA:4,2
DA:24,1
DA:27,1
DA:28,1
DA:29,1
DA:30,1
DA:31,1
DA:32,1
DA:33,1
DA:34,2
DA:35,1
DA:36,1
DA:40,3
DA:41,3
LF:14
LH:14
end_of_record
SF:lib\models\qr_payment_payload.dart
DA:4,2
DA:22,2
DA:23,1
DA:24,1
DA:25,1
DA:26,1
DA:27,1
DA:28,1
DA:29,1
DA:32,3
DA:34,1
DA:35,1
DA:36,2
DA:37,1
DA:38,1
DA:39,1
DA:40,2
DA:41,1
DA:43,1
DA:47,1
DA:58,1
DA:60,2
DA:61,1
DA:64,1
LF:24
LH:24
end_of_record
SF:lib\models\wallet_analytics_summary.dart
DA:4,2
DA:20,3
DA:22,6
DA:24,1
DA:31,1
DA:32,1
DA:34,2
DA:35,1
DA:36,2
DA:37,1
DA:38,2
DA:39,1
DA:41,0
DA:42,0
DA:43,0
DA:46,1
DA:47,2
DA:51,1
DA:55,1
LF:19
LH:16
end_of_record
SF:lib\models\flowpay_notification.dart
DA:7,0
DA:23,0
DA:26,0
DA:27,0
DA:28,0
DA:29,0
DA:30,0
DA:31,0
DA:32,0
DA:33,0
DA:37,0
DA:38,0
DA:39,0
DA:41,0
DA:43,0
DA:45,0
DA:47,0
DA:49,0
DA:56,0
DA:57,0
DA:58,0
DA:59,0
DA:61,0
DA:62,0
DA:64,0
DA:65,0
LF:26
LH:0
end_of_record
SF:lib\widgets\app_theme.dart
DA:14,0
DA:15,0
DA:16,0
DA:18,0
DA:29,0
DA:31,0
DA:33,0
DA:35,0
DA:42,0
DA:46,0
DA:48,0
DA:49,0
DA:50,0
DA:51,0
DA:52,0
DA:56,0
DA:57,0
DA:65,0
DA:66,0
DA:68,0
DA:69,0
DA:73,0
DA:74,0
DA:75,0
DA:81,0
DA:82,0
DA:83,0
DA:86,0
LF:28
LH:0
end_of_record
SF:lib\services\notification_service.dart
DA:6,1
DA:15,1
DA:16,2
DA:18,1
DA:19,4
DA:21,3
DA:23,1
DA:29,3
DA:34,1
DA:38,1
DA:42,1
DA:45,2
DA:50,1
DA:54,1
DA:57,2
DA:62,1
DA:66,1
DA:69,2
DA:74,1
DA:79,1
DA:82,2
DA:87,1
DA:92,1
DA:95,2
DA:100,1
DA:101,1
DA:109,1
DA:114,1
DA:117,2
DA:122,1
DA:127,1
DA:130,2
DA:135,1
DA:140,1
DA:143,1
DA:148,1
DA:153,1
DA:156,1
DA:161,1
DA:165,1
DA:168,2
DA:173,1
DA:177,1
DA:180,2
DA:185,1
DA:189,1
DA:192,2
DA:197,0
DA:201,0
DA:202,0
DA:203,0
DA:204,0
DA:205,0
DA:206,0
DA:207,0
DA:208,0
DA:212,1
DA:213,1
DA:214,1
DA:215,1
DA:216,4
DA:219,1
DA:223,4
LF:63
LH:54
end_of_record
SF:lib\models\offline_transaction.dart
DA:2,1
DA:29,1
DA:30,1
DA:31,1
DA:32,1
DA:33,1
DA:34,1
DA:35,1
DA:36,1
DA:37,2
DA:38,1
DA:42,1
DA:43,1
DA:44,1
DA:45,1
DA:46,2
DA:47,1
DA:48,1
DA:49,1
DA:50,2
DA:51,1
DA:55,1
DA:62,1
DA:63,3
DA:64,1
DA:67,1
DA:69,1
LF:27
LH:27
end_of_record
SF:lib\services\email_service.dart
DA:22,0
DA:23,0
DA:29,0
DA:34,0
DA:35,0
DA:36,0
DA:37,0
DA:41,0
DA:42,0
DA:43,0
DA:44,0
DA:52,0
DA:53,0
DA:54,0
DA:61,0
DA:62,0
DA:63,0
DA:64,0
DA:65,0
DA:66,0
DA:70,0
DA:78,0
DA:80,0
DA:83,0
DA:84,0
DA:85,0
DA:88,0
DA:95,0
DA:103,0
DA:105,0
DA:108,0
DA:109,0
DA:110,0
DA:113,0
DA:121,0
DA:131,0
DA:133,0
DA:136,0
DA:137,0
DA:138,0
DA:143,0
DA:151,0
DA:160,0
DA:162,0
DA:165,0
DA:166,0
DA:167,0
DA:179,0
DA:187,0
DA:189,0
DA:192,0
DA:193,0
DA:194,0
DA:208,0
DA:210,0
DA:211,0
LF:56
LH:0
end_of_record
SF:lib\services\offline_transaction_service.dart
DA:10,2
DA:20,3
DA:24,1
DA:36,1
DA:37,1
DA:40,1
DA:41,1
DA:42,2
DA:45,4
DA:46,4
DA:47,1
DA:48,5
DA:51,1
DA:52,1
DA:53,2
DA:55,3
DA:56,1
DA:59,1
DA:60,1
DA:61,1
DA:63,2
DA:64,1
DA:65,2
DA:66,1
DA:68,1
DA:71,1
DA:74,1
DA:77,1
DA:79,2
DA:81,2
DA:82,1
DA:83,1
DA:84,1
DA:86,2
DA:87,1
DA:88,1
DA:89,1
DA:93,2
DA:95,1
DA:96,1
DA:97,2
DA:102,1
DA:103,1
DA:104,1
DA:106,1
DA:107,1
DA:111,1
DA:112,2
DA:113,2
DA:114,1
DA:116,1
DA:117,1
DA:118,1
DA:119,6
DA:121,1
DA:122,5
DA:126,1
LF:57
LH:57
end_of_record
SF:lib\services\wallet_service.dart
DA:14,2
DA:18,0
DA:19,0
DA:23,1
DA:29,0
DA:43,1
DA:44,2
DA:46,1
DA:47,2
DA:49,1
DA:50,2
DA:52,0
DA:53,0
DA:55,1
DA:56,2
DA:58,1
DA:63,3
DA:65,1
DA:66,1
DA:68,1
DA:72,1
DA:77,2
DA:78,1
DA:79,1
DA:83,1
DA:84,1
DA:85,2
DA:86,1
DA:87,1
DA:89,2
DA:93,3
DA:96,1
DA:97,1
DA:98,2
DA:99,1
DA:100,1
DA:102,2
DA:106,3
DA:109,0
DA:110,0
DA:111,0
DA:114,0
DA:118,0
DA:122,0
DA:123,0
DA:124,0
DA:125,0
DA:126,0
DA:127,0
DA:128,0
DA:129,0
DA:130,0
DA:134,0
DA:135,0
DA:136,0
DA:137,0
DA:138,0
DA:139,0
DA:140,0
DA:141,0
DA:142,0
DA:144,0
DA:148,0
DA:149,0
DA:150,0
DA:151,0
DA:152,0
DA:153,0
DA:156,0
DA:157,0
DA:158,0
DA:159,0
DA:160,0
DA:161,0
DA:162,0
DA:166,1
DA:170,1
DA:171,1
DA:174,1
DA:176,2
DA:178,2
DA:179,2
DA:180,1
DA:182,2
DA:186,1
DA:188,1
DA:190,2
DA:193,1
DA:200,1
DA:201,1
DA:203,1
DA:204,1
DA:208,3
DA:209,1
DA:210,1
DA:212,1
DA:213,1
DA:215,1
DA:216,0
DA:218,1
DA:219,0
DA:223,3
DA:224,1
DA:225,1
DA:229,3
DA:231,3
DA:232,3
DA:234,2
DA:235,2
DA:238,1
DA:239,1
DA:242,1
DA:246,2
DA:247,2
DA:250,2
DA:251,1
DA:255,2
DA:256,2
DA:259,2
DA:260,1
DA:264,2
DA:269,2
DA:277,2
DA:278,2
DA:279,2
DA:280,2
DA:281,5
DA:282,5
DA:283,3
DA:284,1
DA:285,1
DA:286,2
DA:289,1
DA:290,1
DA:295,1
DA:296,2
DA:299,1
DA:300,1
DA:308,1
DA:310,0
DA:311,0
DA:315,0
DA:318,0
DA:319,0
DA:320,0
DA:321,0
DA:322,0
DA:324,0
DA:325,0
DA:326,0
DA:330,0
DA:331,0
DA:332,0
DA:333,0
DA:334,0
DA:335,0
DA:338,0
DA:339,0
DA:340,0
DA:341,0
DA:342,0
DA:343,0
DA:344,0
DA:345,0
DA:348,0
DA:352,0
DA:353,0
DA:354,0
DA:355,0
DA:356,0
DA:357,0
DA:360,0
DA:370,0
DA:371,0
DA:372,0
DA:374,0
DA:376,0
DA:377,0
DA:381,0
DA:382,0
DA:383,0
DA:384,0
DA:385,0
DA:386,0
DA:387,0
DA:389,0
DA:392,0
DA:394,0
DA:395,0
DA:396,0
DA:397,0
DA:398,0
DA:403,0
DA:405,0
DA:406,0
DA:408,0
DA:409,0
DA:413,0
DA:418,0
DA:420,0
DA:421,0
DA:423,0
DA:424,0
DA:426,0
DA:427,0
DA:429,0
DA:430,0
DA:431,0
DA:432,0
DA:435,0
DA:437,0
DA:438,0
DA:439,0
DA:440,0
DA:441,0
DA:442,0
DA:443,0
DA:448,0
DA:449,0
DA:453,1
DA:459,1
DA:460,1
DA:463,1
DA:464,2
DA:466,2
DA:467,1
DA:468,2
DA:469,1
DA:473,2
DA:474,1
DA:475,1
DA:476,1
DA:477,1
DA:478,1
DA:479,2
DA:480,2
DA:483,1
DA:485,1
DA:486,2
DA:492,2
DA:500,0
DA:511,0
DA:512,0
DA:516,0
DA:517,0
DA:518,0
DA:520,0
DA:521,0
DA:524,0
DA:525,0
DA:527,0
DA:528,0
DA:531,0
DA:532,0
DA:535,0
DA:536,0
DA:537,0
DA:548,0
DA:551,0
DA:552,0
DA:556,0
DA:557,0
DA:561,0
DA:568,0
DA:569,0
DA:570,0
DA:571,0
DA:572,0
DA:575,0
DA:578,0
DA:579,0
DA:580,0
DA:586,0
DA:588,0
DA:589,0
DA:593,0
DA:604,0
DA:605,0
DA:607,0
DA:609,0
DA:610,0
DA:614,0
DA:615,0
DA:616,0
DA:617,0
DA:618,0
DA:619,0
DA:620,0
DA:625,0
DA:626,0
DA:627,0
DA:628,0
DA:629,0
DA:630,0
DA:635,0
DA:637,0
DA:638,0
DA:640,0
DA:641,0
DA:645,0
DA:650,0
DA:651,0
DA:652,0
DA:653,0
DA:654,0
DA:656,0
DA:658,0
DA:659,0
DA:660,0
DA:663,0
DA:664,0
DA:665,0
DA:666,0
DA:667,0
DA:668,0
DA:671,0
DA:672,0
DA:676,1
DA:677,1
DA:678,1
DA:679,1
DA:682,1
DA:684,1
DA:685,3
DA:688,0
DA:689,0
DA:693,1
DA:695,2
DA:696,1
DA:697,1
DA:699,1
DA:700,1
DA:701,1
DA:703,1
DA:704,2
DA:705,1
DA:706,0
DA:710,0
DA:717,0
DA:718,0
DA:720,0
DA:721,0
DA:722,0
DA:723,0
DA:726,0
DA:727,0
DA:728,0
DA:731,0
DA:735,0
DA:736,0
DA:737,0
DA:738,0
DA:739,0
DA:740,0
DA:743,0
DA:744,0
DA:748,0
DA:754,0
DA:755,0
DA:756,0
DA:757,0
DA:762,0
DA:763,0
DA:764,0
DA:765,0
DA:766,0
DA:767,0
DA:768,0
DA:769,0
DA:770,0
DA:771,0
DA:772,0
DA:775,0
DA:779,0
DA:781,0
DA:782,0
DA:785,0
DA:788,0
DA:795,0
DA:796,0
DA:800,1
DA:804,1
DA:805,1
DA:809,3
DA:810,1
DA:811,1
DA:813,1
DA:814,0
DA:817,1
DA:818,1
DA:820,1
DA:823,2
DA:824,2
DA:826,1
DA:827,1
DA:830,2
DA:831,1
DA:832,1
DA:835,2
DA:836,2
DA:840,1
DA:844,2
DA:845,1
DA:847,0
DA:848,0
DA:852,1
DA:856,1
DA:857,1
DA:861,3
DA:862,1
DA:863,1
DA:865,1
DA:866,0
DA:869,1
DA:870,1
DA:872,1
DA:875,2
DA:876,2
DA:878,1
DA:879,1
DA:882,2
DA:883,1
DA:884,1
DA:887,2
DA:888,2
DA:892,1
DA:896,2
DA:897,1
DA:899,0
DA:900,0
LF:430
LH:177
end_of_record
SF:lib\services\auth_service.dart
DA:6,1
DA:12,1
DA:13,2
DA:15,3
DA:17,3
DA:19,1
DA:20,1
DA:21,1
DA:24,1
DA:28,2
DA:29,1
DA:34,1
DA:38,2
DA:39,1
DA:44,3
DA:46,1
DA:47,1
DA:48,1
DA:50,1
DA:52,1
DA:54,1
DA:56,1
DA:58,1
DA:60,1
DA:62,1
DA:65,1
LF:26
LH:26
end_of_record
SF:lib\models\app_user.dart
DA:4,2
DA:14,1
DA:15,1
DA:16,1
DA:17,1
DA:18,1
LF:6
LH:6
end_of_record
